* using log directory ‘/Users/thiago/Library/Mobile Documents/com~apple~CloudDocs/arquivos/estudos/estatistica/github_bgev/cran_versions/bgev_version_0.2/bgev.Rcheck’
* using R version 4.4.1 (2024-06-14)
* using platform: aarch64-apple-darwin20
* R was compiled by
    Apple clang version 14.0.0 (clang-1400.0.29.202)
    GNU Fortran (GCC) 12.2.0
* running under: macOS 15.6.1
* using session charset: UTF-8
* using option ‘--as-cran’
* checking for file ‘bgev/DESCRIPTION’ ... OK
* checking extension type ... Package
* this is package ‘bgev’ version ‘0.2’
* checking CRAN incoming feasibility ... [5s/76s] Note_to_CRAN_maintainers
Maintainer: ‘Thiago Sousa Developer <thiagoestatistico@gmail.com>’
* checking package namespace information ... OK
* checking package dependencies ... OK
* checking if this is a source package ... OK
* checking if there is a namespace ... OK
* checking for executable files ... OK
* checking for hidden files and directories ... OK
* checking for portable file names ... OK
* checking for sufficient/correct file permissions ... OK
* checking serialization versions ... OK
* checking whether package ‘bgev’ can be installed ... OK
* checking installed package size ... OK
* checking package directory ... OK
* checking for future file timestamps ... OK
* checking DESCRIPTION meta-information ... OK
* checking top-level files ... OK
* checking for left-over files ... OK
* checking index information ... OK
* checking package subdirectories ... OK
* checking code files for non-ASCII characters ... OK
* checking R files for syntax errors ... OK
* checking whether the package can be loaded ... OK
* checking whether the package can be loaded with stated dependencies ... OK
* checking whether the package can be unloaded cleanly ... OK
* checking whether the namespace can be loaded with stated dependencies ... OK
* checking whether the namespace can be unloaded cleanly ... OK
* checking use of S3 registration ... OK
* checking dependencies in R code ... OK
* checking S3 generic/method consistency ... OK
* checking replacement functions ... OK
* checking foreign function calls ... OK
* checking R code for possible problems ... OK
* checking Rd files ... OK
* checking Rd metadata ... OK
* checking Rd line widths ... OK
* checking Rd cross-references ... OK
* checking for missing documentation entries ... OK
* checking for code/documentation mismatches ... OK
* checking Rd \usage sections ... OK
* checking Rd contents ... OK
* checking for unstated dependencies in examples ... OK
* checking examples ... OK
* checking PDF version of manual ... WARNING
LaTeX errors when creating PDF version.
This typically indicates Rd problems.
LaTeX errors found:
! LaTeX Error: File `inconsolata.sty' not found.

Type X to quit or <RETURN> to proceed,
or enter new name. (Default extension: sty)

! Emergency stop.
<read *> 
         
l.326 
       
!  ==> Fatal error occurred, no output PDF file produced!
* checking PDF version of manual without index ... OK
* checking HTML version of manual ... NOTE
Found the following HTML validation problems:
bgev-package.html:15:44 (bgev-package.Rd:9): Error: <main> is not recognized!
bgev-package.html:15:44 (bgev-package.Rd:9): Warning: discarding unexpected <main>
bgev-package.html:178:1 (bgev-package.Rd:112): Warning: discarding unexpected </main>
bgev-package.html:4:1 (bgev-package.Rd:9): Warning: <link> inserting "type" attribute
bgev-package.html:12:1 (bgev-package.Rd:9): Warning: <script> proprietary attribute "onload"
bgev-package.html:12:1 (bgev-package.Rd:9): Warning: <script> inserting "type" attribute
bgev-package.html:17:1 (bgev-package.Rd:9): Warning: <table> lacks "summary" attribute
bgev-package.html:40:1 (bgev-package.Rd:28): Warning: <table> lacks "summary" attribute
bgev.mle.html:15:44 (bgev.mle.Rd:4): Error: <main> is not recognized!
bgev.mle.html:15:44 (bgev.mle.Rd:4): Warning: discarding unexpected <main>
bgev.mle.html:139:1 (bgev.mle.Rd:72): Warning: discarding unexpected </main>
bgev.mle.html:4:1 (bgev.mle.Rd:4): Warning: <link> inserting "type" attribute
bgev.mle.html:12:1 (bgev.mle.Rd:4): Warning: <script> proprietary attribute "onload"
bgev.mle.html:12:1 (bgev.mle.Rd:4): Warning: <script> inserting "type" attribute
bgev.mle.html:17:1 (bgev.mle.Rd:4): Warning: <table> lacks "summary" attribute
bgev.mle.html:50:1 (bgev.mle.Rd:29): Warning: <table> lacks "summary" attribute
bgev.mle.html:105:1 (bgev.mle.Rd:59): Warning: <table> lacks "summary" attribute
bgev.support.html:15:44 (bgev.support.Rd:4): Error: <main> is not recognized!
bgev.support.html:15:44 (bgev.support.Rd:4): Warning: discarding unexpected <main>
bgev.support.html:109:1 (bgev.support.Rd:55): Warning: discarding unexpected </main>
bgev.support.html:4:1 (bgev.support.Rd:4): Warning: <link> inserting "type" attribute
bgev.support.html:12:1 (bgev.support.Rd:4): Warning: <script> proprietary attribute "onload"
bgev.support.html:12:1 (bgev.support.Rd:4): Warning: <script> inserting "type" attribute
bgev.support.html:17:1 (bgev.support.Rd:4): Warning: <table> lacks "summary" attribute
bgev.support.html:40:1 (bgev.support.Rd:18): Warning: <table> lacks "summary" attribute
distCheck.html:15:44 (distCheck.Rd:4): Error: <main> is not recognized!
distCheck.html:15:44 (distCheck.Rd:4): Warning: discarding unexpected <main>
distCheck.html:190:1 (distCheck.Rd:105): Warning: discarding unexpected </main>
distCheck.html:4:1 (distCheck.Rd:4): Warning: <link> inserting "type" attribute
distCheck.html:12:1 (distCheck.Rd:4): Warning: <script> proprietary attribute "onload"
distCheck.html:12:1 (distCheck.Rd:4): Warning: <script> inserting "type" attribute
distCheck.html:17:1 (distCheck.Rd:4): Warning: <table> lacks "summary" attribute
distCheck.html:43:1 (distCheck.Rd:21): Warning: <table> lacks "summary" attribute
distCheck.html:93:14 (distCheck.Rd:46): Warning: <code> attribute "id" has invalid value "..."
distCheck.html:124:1 (distCheck.Rd:68): Warning: <table> lacks "summary" attribute
likbgev.html:15:44 (likbgev.Rd:4): Error: <main> is not recognized!
likbgev.html:15:44 (likbgev.Rd:4): Warning: discarding unexpected <main>
likbgev.html:83:1 (likbgev.Rd:37): Warning: discarding unexpected </main>
likbgev.html:4:1 (likbgev.Rd:4): Warning: <link> inserting "type" attribute
likbgev.html:12:1 (likbgev.Rd:4): Warning: <script> proprietary attribute "onload"
likbgev.html:12:1 (likbgev.Rd:4): Warning: <script> inserting "type" attribute
likbgev.html:17:1 (likbgev.Rd:4): Warning: <table> lacks "summary" attribute
likbgev.html:38:1 (likbgev.Rd:16): Warning: <table> lacks "summary" attribute
Skipping checking math rendering: package 'V8' unavailable
* checking for non-standard things in the check directory ... NOTE
Found the following files/directories:
  ‘00LOCK-bgev’ ‘bgev-manual.tex’
* checking for detritus in the temp directory ... OK
* DONE
Status: 1 WARNING, 2 NOTEs
