Converting parsed Rd's to LaTeX 
Creating pdf output from LaTeX ...
This is pdfTeX, Version 3.14159265-2.6-1.40.21 (MiKTeX 2.9.7400)
entering extended mode
(Rd2.tex
LaTeX2e <2020-02-02> patch level 5
L3 programming layer <2020-05-15>
("/Library/Application Support/MiKTeX/texmfs/install/tex/latex/base/book.cls"
Document Class: book 2019/12/20 v1.4l Standard LaTeX document class
("/Library/Application Support/MiKTeX/texmfs/install/tex/latex/base/bk10.clo"))
 (/Library/Frameworks/R.framework/Resources/share/texmf/tex/latex/Rd.sty
("/Library/Application Support/MiKTeX/texmfs/install/tex/latex/base/ifthen.sty"
)
("/Library/Application Support/MiKTeX/texmfs/install/tex/generic/iftex/iftex.st
y")
("/Library/Application Support/MiKTeX/texmfs/install/tex/latex/tools/longtable.
sty")
("/Library/Application Support/MiKTeX/texmfs/install/tex/latex/tools/bm.sty")
("/Library/Application Support/MiKTeX/texmfs/install/tex/latex/base/alltt.sty")

("/Library/Application Support/MiKTeX/texmfs/install/tex/latex/tools/verbatim.s
ty") ("/Library/Application Support/MiKTeX/texmfs/install/tex/latex/url/url.sty
")
("/Library/Application Support/MiKTeX/texmfs/install/tex/latex/base/textcomp.st
y")
("/Library/Application Support/MiKTeX/texmfs/install/tex/latex/amsmath/amsmath.
sty"
For additional information on amsmath, use the `?' option.

("/Library/Application Support/MiKTeX/texmfs/install/tex/latex/amsmath/amstext.
sty"
("/Library/Application Support/MiKTeX/texmfs/install/tex/latex/amsmath/amsgen.s
ty"))
("/Library/Application Support/MiKTeX/texmfs/install/tex/latex/amsmath/amsbsy.s
ty")
("/Library/Application Support/MiKTeX/texmfs/install/tex/latex/amsmath/amsopn.s
ty"))
("/Library/Application Support/MiKTeX/texmfs/install/tex/latex/amsfonts/amsfont
s.sty")
("/Library/Application Support/MiKTeX/texmfs/install/tex/latex/amsfonts/amssymb
.sty")
======================================================================

Unfortunately, the package jknappen could not be installed.
Please check the log file:
/Users/thiago/Library/Application Support/MiKTeX/texmfs/data/miktex/log/pdflatex.log
======================================================================

("/Library/Application Support/MiKTeX/texmfs/install/tex/latex/amsfonts/eucal.s
ty")
("/Library/Application Support/MiKTeX/texmfs/install/tex/latex/base/fontenc.sty
")
("/Users/thiago/Library/Application Support/MiKTeX/texmfs/install/tex/latex/psn
fss/times.sty")
("/Library/Application Support/MiKTeX/texmfs/install/tex/latex/graphics/color.s
ty"
("/Library/Application Support/MiKTeX/texmfs/install/tex/latex/graphics-cfg/col
or.cfg")
("/Library/Application Support/MiKTeX/texmfs/install/tex/latex/graphics-def/pdf
tex.def"))
("/Library/Application Support/MiKTeX/texmfs/install/tex/latex/hyperref/hyperre
f.sty"
("/Users/thiago/Library/Application Support/MiKTeX/texmfs/install/tex/generic/l
txcmds/ltxcmds.sty")
("/Library/Application Support/MiKTeX/texmfs/install/tex/latex/pdftexcmds/pdfte
xcmds.sty"
("/Users/thiago/Library/Application Support/MiKTeX/texmfs/install/tex/generic/i
nfwarerr/infwarerr.sty"))
("/Library/Application Support/MiKTeX/texmfs/install/tex/latex/graphics/keyval.
sty")
("/Users/thiago/Library/Application Support/MiKTeX/texmfs/install/tex/generic/k
vsetkeys/kvsetkeys.sty")
("/Users/thiago/Library/Application Support/MiKTeX/texmfs/install/tex/generic/k
vdefinekeys/kvdefinekeys.sty")
("/Users/thiago/Library/Application Support/MiKTeX/texmfs/install/tex/generic/p
dfescape/pdfescape.sty")
("/Users/thiago/Library/Application Support/MiKTeX/texmfs/install/tex/latex/hyc
olor/hycolor.sty")
("/Users/thiago/Library/Application Support/MiKTeX/texmfs/install/tex/latex/let
ltxmacro/letltxmacro.sty")
("/Users/thiago/Library/Application Support/MiKTeX/texmfs/install/tex/latex/aux
hook/auxhook.sty")
("/Users/thiago/Library/Application Support/MiKTeX/texmfs/install/tex/latex/kvo
ptions/kvoptions.sty")
("/Library/Application Support/MiKTeX/texmfs/install/tex/latex/hyperref/pd1enc.
def")
("/Users/thiago/Library/Application Support/MiKTeX/texmfs/install/tex/generic/i
ntcalc/intcalc.sty")
("/Users/thiago/Library/Application Support/MiKTeX/texmfs/install/tex/generic/e
texcmds/etexcmds.sty")
("/Users/thiago/Library/Application Support/MiKTeX/texmfs/install/tex/generic/b
itset/bitset.sty"
("/Users/thiago/Library/Application Support/MiKTeX/texmfs/install/tex/generic/b
igintcalc/bigintcalc.sty"))
("/Users/thiago/Library/Application Support/MiKTeX/texmfs/install/tex/generic/a
tbegshi/atbegshi.sty"))
("/Library/Application Support/MiKTeX/texmfs/install/tex/latex/hyperref/hpdftex
.def"
("/Users/thiago/Library/Application Support/MiKTeX/texmfs/install/tex/latex/atv
eryend/atveryend.sty")
("/Users/thiago/Library/Application Support/MiKTeX/texmfs/install/tex/latex/rer
unfilecheck/rerunfilecheck.sty"
("/Users/thiago/Library/Application Support/MiKTeX/texmfs/install/tex/generic/u
niquecounter/uniquecounter.sty"))))
("/Library/Application Support/MiKTeX/texmfs/install/tex/latex/l3backend/l3back
end-pdfmode.def")
No file Rd2.aux.

("/Users/thiago/Library/Application Support/MiKTeX/texmfs/install/tex/latex/psn
fss/t1ptm.fd")
("/Library/Application Support/MiKTeX/texmfs/install/tex/context/base/mkii/supp
-pdf.mkii"
[Loading MPS to PDF converter (version 2006.09.02).]
)
("/Library/Application Support/MiKTeX/texmfs/install/tex/latex/hyperref/nameref
.sty"
("/Users/thiago/Library/Application Support/MiKTeX/texmfs/install/tex/latex/ref
count/refcount.sty")
("/Users/thiago/Library/Application Support/MiKTeX/texmfs/install/tex/generic/g
ettitlestring/gettitlestring.sty"))
("/Users/thiago/Library/Application Support/MiKTeX/texmfs/install/tex/latex/psn
fss/t1phv.fd")
("/Users/thiago/Library/Application Support/MiKTeX/texmfs/install/tex/latex/psn
fss/t1pcr.fd")
("/Library/Application Support/MiKTeX/texmfs/install/tex/latex/amsfonts/umsa.fd
")
("/Library/Application Support/MiKTeX/texmfs/install/tex/latex/amsfonts/umsb.fd
")
Overfull \hbox (19.23755pt too wide) in paragraph at lines 25--26
\T1/ptm/m/n/10 distribution given in Otiniano et al. (2023) <doi:10.1007/s10651
-023-00566-7>. This new generalization

Overfull \hbox (12.04646pt too wide) in paragraph at lines 25--26
\T1/ptm/m/n/10 of the well-known GEV (Generalized Extreme Value) distribution i
s useful for modeling heterogeneous

Overfull \hbox (5.31738pt too wide) in paragraph at lines 45--47
[]\T1/ptm/m/n/10 a unidimensional vector containing the probabilities used to c
ompute the quantiles 

Overfull \hbox (0.95667pt too wide) in paragraph at lines 68--71
[]\T1/ptm/m/n/10 Density, distribution function, quantile function and random g
eneration of bimodal GEV distribution
[1{/Users/thiago/Library/Application Support/MiKTeX/texmfs/data/pdftex/config/p
dftex.map}]
Overfull \hbox (21.94164pt too wide) detected at line 117
\OML/cmm/m/it/10 f[]\OT1/cmr/m/n/10 (\OML/cmm/m/it/10 x\OT1/cmr/m/n/10 ) = []
[2]
Overfull \hbox (3.9457pt too wide) in paragraph at lines 149--151
[]\T1/ptm/m/n/10 Finds the maximum likelihood estimators of the bimodal GEV dis
tribution parameters by minimizing

Overfull \hbox (6.78088pt too wide) in paragraph at lines 167--167
 []\T1/pcr/m/n/10 optim.method = "L-BFGS-B",start = NULL, lower = NULL, upper =
 NULL)[] 
[3] [4]
Overfull \hbox (24.78088pt too wide) in paragraph at lines 314--314
 []\T1/pcr/m/n/10 distCheck(fun = "norm", n = 1000, robust = FALSE, subdivision
s = 1500, 

Overfull \hbox (2.78845pt too wide) in paragraph at lines 329--331
[]\T1/ptm/m/n/10 Boolean. Used for computing mean and variance in a robust way 
when evaluating
[5]
Overfull \hbox (19.78088pt too wide) in paragraph at lines 365--373
\T1/pcr/m/n/10 test1.density = list(computed = NULL, expected = NULL, error.che
ck = NULL), 

Overfull \hbox (2.78088pt too wide) in paragraph at lines 365--373
\T1/pcr/m/n/10 test2.quantile.cdf = list(computed = NULL, expected = NULL, erro
r.check

Overfull \hbox (12.78088pt too wide) in paragraph at lines 365--373
\T1/pcr/m/n/10 test3.mean.var = list(computed = list(mean = NULL, var = NULL, l
og = NULL), 

Overfull \hbox (1.09682pt too wide) in paragraph at lines 381--384
\T1/ptm/m/n/10 and E(log(abs(X))) where X follows the distribution being tested
. The 'expected'
[6]
Overfull \hbox (11.4087pt too wide) in paragraph at lines 443--444
[]\T1/ptm/m/n/10 bimodal GEV parameters as an ordered pair \T1/pcr/m/n/10 theta
 = (mu,sigma,xi,delta) 
[7] (Rd2.aux)

Package rerunfilecheck Warning: File `Rd2.out' has changed.
(rerunfilecheck)                Rerun to get outlines right
(rerunfilecheck)                or use package `bookmark'.

 )
(see the transcript file for additional information){/Library/Application Suppo
rt/MiKTeX/texmfs/install/fonts/enc/dvips/base/8r.enc}</Library/Application Supp
ort/MiKTeX/texmfs/install/fonts/type1/public/amsfonts/cm/cmbx10.pfb></Library/A
pplication Support/MiKTeX/texmfs/install/fonts/type1/public/amsfonts/cm/cmex10.
pfb></Library/Application Support/MiKTeX/texmfs/install/fonts/type1/public/amsf
onts/cm/cmmi10.pfb></Library/Application Support/MiKTeX/texmfs/install/fonts/ty
pe1/public/amsfonts/cm/cmmi5.pfb></Library/Application Support/MiKTeX/texmfs/in
stall/fonts/type1/public/amsfonts/cm/cmmi7.pfb></Library/Application Support/Mi
KTeX/texmfs/install/fonts/type1/public/amsfonts/cm/cmr10.pfb></Library/Applicat
ion Support/MiKTeX/texmfs/install/fonts/type1/public/amsfonts/cm/cmr5.pfb></Lib
rary/Application Support/MiKTeX/texmfs/install/fonts/type1/public/amsfonts/cm/c
mr7.pfb></Library/Application Support/MiKTeX/texmfs/install/fonts/type1/public/
amsfonts/cm/cmsy10.pfb></Library/Application Support/MiKTeX/texmfs/install/font
s/type1/public/amsfonts/cm/cmsy7.pfb></Library/Application Support/MiKTeX/texmf
s/install/fonts/type1/public/amsfonts/symbols/msbm10.pfb></Library/Application 
Support/MiKTeX/texmfs/install/fonts/type1/urw/courier/ucrr8a.pfb></Library/Appl
ication Support/MiKTeX/texmfs/install/fonts/type1/urw/helvetic/uhvr8a.pfb></Lib
rary/Application Support/MiKTeX/texmfs/install/fonts/type1/urw/times/utmb8a.pfb
></Library/Application Support/MiKTeX/texmfs/install/fonts/type1/urw/times/utmr
8a.pfb></Library/Application Support/MiKTeX/texmfs/install/fonts/type1/urw/time
s/utmr8a.pfb></Library/Application Support/MiKTeX/texmfs/install/fonts/type1/ur
w/times/utmri8a.pfb>
Output written on Rd2.pdf (7 pages, 193301 bytes).
Transcript written on Rd2.log.
This is pdfTeX, Version 3.14159265-2.6-1.40.21 (MiKTeX 2.9.7400)
entering extended mode
(Rd2.tex
LaTeX2e <2020-02-02> patch level 5
L3 programming layer <2020-05-15>
("/Library/Application Support/MiKTeX/texmfs/install/tex/latex/base/book.cls"
Document Class: book 2019/12/20 v1.4l Standard LaTeX document class
("/Library/Application Support/MiKTeX/texmfs/install/tex/latex/base/bk10.clo"))
 (/Library/Frameworks/R.framework/Resources/share/texmf/tex/latex/Rd.sty
("/Library/Application Support/MiKTeX/texmfs/install/tex/latex/base/ifthen.sty"
)
("/Library/Application Support/MiKTeX/texmfs/install/tex/generic/iftex/iftex.st
y")
("/Library/Application Support/MiKTeX/texmfs/install/tex/latex/tools/longtable.
sty")
("/Library/Application Support/MiKTeX/texmfs/install/tex/latex/tools/bm.sty")
("/Library/Application Support/MiKTeX/texmfs/install/tex/latex/base/alltt.sty")

("/Library/Application Support/MiKTeX/texmfs/install/tex/latex/tools/verbatim.s
ty") ("/Library/Application Support/MiKTeX/texmfs/install/tex/latex/url/url.sty
")
("/Library/Application Support/MiKTeX/texmfs/install/tex/latex/base/textcomp.st
y")
("/Library/Application Support/MiKTeX/texmfs/install/tex/latex/amsmath/amsmath.
sty"
For additional information on amsmath, use the `?' option.

("/Library/Application Support/MiKTeX/texmfs/install/tex/latex/amsmath/amstext.
sty"
("/Library/Application Support/MiKTeX/texmfs/install/tex/latex/amsmath/amsgen.s
ty"))
("/Library/Application Support/MiKTeX/texmfs/install/tex/latex/amsmath/amsbsy.s
ty")
("/Library/Application Support/MiKTeX/texmfs/install/tex/latex/amsmath/amsopn.s
ty"))
("/Library/Application Support/MiKTeX/texmfs/install/tex/latex/amsfonts/amsfont
s.sty")
("/Library/Application Support/MiKTeX/texmfs/install/tex/latex/amsfonts/amssymb
.sty")
======================================================================

Unfortunately, the package jknappen could not be installed.
Please check the log file:
/Users/thiago/Library/Application Support/MiKTeX/texmfs/data/miktex/log/pdflatex.log
======================================================================

("/Library/Application Support/MiKTeX/texmfs/install/tex/latex/amsfonts/eucal.s
ty")
("/Library/Application Support/MiKTeX/texmfs/install/tex/latex/base/fontenc.sty
")
("/Users/thiago/Library/Application Support/MiKTeX/texmfs/install/tex/latex/psn
fss/times.sty")
("/Library/Application Support/MiKTeX/texmfs/install/tex/latex/graphics/color.s
ty"
("/Library/Application Support/MiKTeX/texmfs/install/tex/latex/graphics-cfg/col
or.cfg")
("/Library/Application Support/MiKTeX/texmfs/install/tex/latex/graphics-def/pdf
tex.def"))
("/Library/Application Support/MiKTeX/texmfs/install/tex/latex/hyperref/hyperre
f.sty"
("/Users/thiago/Library/Application Support/MiKTeX/texmfs/install/tex/generic/l
txcmds/ltxcmds.sty")
("/Library/Application Support/MiKTeX/texmfs/install/tex/latex/pdftexcmds/pdfte
xcmds.sty"
("/Users/thiago/Library/Application Support/MiKTeX/texmfs/install/tex/generic/i
nfwarerr/infwarerr.sty"))
("/Library/Application Support/MiKTeX/texmfs/install/tex/latex/graphics/keyval.
sty")
("/Users/thiago/Library/Application Support/MiKTeX/texmfs/install/tex/generic/k
vsetkeys/kvsetkeys.sty")
("/Users/thiago/Library/Application Support/MiKTeX/texmfs/install/tex/generic/k
vdefinekeys/kvdefinekeys.sty")
("/Users/thiago/Library/Application Support/MiKTeX/texmfs/install/tex/generic/p
dfescape/pdfescape.sty")
("/Users/thiago/Library/Application Support/MiKTeX/texmfs/install/tex/latex/hyc
olor/hycolor.sty")
("/Users/thiago/Library/Application Support/MiKTeX/texmfs/install/tex/latex/let
ltxmacro/letltxmacro.sty")
("/Users/thiago/Library/Application Support/MiKTeX/texmfs/install/tex/latex/aux
hook/auxhook.sty")
("/Users/thiago/Library/Application Support/MiKTeX/texmfs/install/tex/latex/kvo
ptions/kvoptions.sty")
("/Library/Application Support/MiKTeX/texmfs/install/tex/latex/hyperref/pd1enc.
def")
("/Users/thiago/Library/Application Support/MiKTeX/texmfs/install/tex/generic/i
ntcalc/intcalc.sty")
("/Users/thiago/Library/Application Support/MiKTeX/texmfs/install/tex/generic/e
texcmds/etexcmds.sty")
("/Users/thiago/Library/Application Support/MiKTeX/texmfs/install/tex/generic/b
itset/bitset.sty"
("/Users/thiago/Library/Application Support/MiKTeX/texmfs/install/tex/generic/b
igintcalc/bigintcalc.sty"))
("/Users/thiago/Library/Application Support/MiKTeX/texmfs/install/tex/generic/a
tbegshi/atbegshi.sty"))
("/Library/Application Support/MiKTeX/texmfs/install/tex/latex/hyperref/hpdftex
.def"
("/Users/thiago/Library/Application Support/MiKTeX/texmfs/install/tex/latex/atv
eryend/atveryend.sty")
("/Users/thiago/Library/Application Support/MiKTeX/texmfs/install/tex/latex/rer
unfilecheck/rerunfilecheck.sty"
("/Users/thiago/Library/Application Support/MiKTeX/texmfs/install/tex/generic/u
niquecounter/uniquecounter.sty"))))
("/Library/Application Support/MiKTeX/texmfs/install/tex/latex/l3backend/l3back
end-pdfmode.def") (Rd2.aux)
("/Users/thiago/Library/Application Support/MiKTeX/texmfs/install/tex/latex/psn
fss/t1ptm.fd")
("/Library/Application Support/MiKTeX/texmfs/install/tex/context/base/mkii/supp
-pdf.mkii"
[Loading MPS to PDF converter (version 2006.09.02).]
)
("/Library/Application Support/MiKTeX/texmfs/install/tex/latex/hyperref/nameref
.sty"
("/Users/thiago/Library/Application Support/MiKTeX/texmfs/install/tex/latex/ref
count/refcount.sty")
("/Users/thiago/Library/Application Support/MiKTeX/texmfs/install/tex/generic/g
ettitlestring/gettitlestring.sty")) (Rd2.out) (Rd2.out)
("/Users/thiago/Library/Application Support/MiKTeX/texmfs/install/tex/latex/psn
fss/t1phv.fd")
("/Users/thiago/Library/Application Support/MiKTeX/texmfs/install/tex/latex/psn
fss/t1pcr.fd") (Rd2.toc
("/Library/Application Support/MiKTeX/texmfs/install/tex/latex/amsfonts/umsa.fd
")
("/Library/Application Support/MiKTeX/texmfs/install/tex/latex/amsfonts/umsb.fd
"))
Overfull \hbox (19.23755pt too wide) in paragraph at lines 25--26
\T1/ptm/m/n/10 distribution given in Otiniano et al. (2023) <doi:10.1007/s10651
-023-00566-7>. This new generalization

Overfull \hbox (12.04646pt too wide) in paragraph at lines 25--26
\T1/ptm/m/n/10 of the well-known GEV (Generalized Extreme Value) distribution i
s useful for modeling heterogeneous

Overfull \hbox (5.31738pt too wide) in paragraph at lines 45--47
[]\T1/ptm/m/n/10 a unidimensional vector containing the probabilities used to c
ompute the quantiles 

Overfull \hbox (0.95667pt too wide) in paragraph at lines 68--71
[]\T1/ptm/m/n/10 Density, distribution function, quantile function and random g
eneration of bimodal GEV distribution
[1{/Users/thiago/Library/Application Support/MiKTeX/texmfs/data/pdftex/config/p
dftex.map}]
Overfull \hbox (21.94164pt too wide) detected at line 117
\OML/cmm/m/it/10 f[]\OT1/cmr/m/n/10 (\OML/cmm/m/it/10 x\OT1/cmr/m/n/10 ) = []
[2]
Overfull \hbox (3.9457pt too wide) in paragraph at lines 149--151
[]\T1/ptm/m/n/10 Finds the maximum likelihood estimators of the bimodal GEV dis
tribution parameters by minimizing

Overfull \hbox (6.78088pt too wide) in paragraph at lines 167--167
 []\T1/pcr/m/n/10 optim.method = "L-BFGS-B",start = NULL, lower = NULL, upper =
 NULL)[] 
[3] [4]
Overfull \hbox (24.78088pt too wide) in paragraph at lines 314--314
 []\T1/pcr/m/n/10 distCheck(fun = "norm", n = 1000, robust = FALSE, subdivision
s = 1500, 

Overfull \hbox (2.78845pt too wide) in paragraph at lines 329--331
[]\T1/ptm/m/n/10 Boolean. Used for computing mean and variance in a robust way 
when evaluating
[5]
Overfull \hbox (19.78088pt too wide) in paragraph at lines 365--373
\T1/pcr/m/n/10 test1.density = list(computed = NULL, expected = NULL, error.che
ck = NULL), 

Overfull \hbox (2.78088pt too wide) in paragraph at lines 365--373
\T1/pcr/m/n/10 test2.quantile.cdf = list(computed = NULL, expected = NULL, erro
r.check

Overfull \hbox (12.78088pt too wide) in paragraph at lines 365--373
\T1/pcr/m/n/10 test3.mean.var = list(computed = list(mean = NULL, var = NULL, l
og = NULL), 

Overfull \hbox (1.09682pt too wide) in paragraph at lines 381--384
\T1/ptm/m/n/10 and E(log(abs(X))) where X follows the distribution being tested
. The 'expected'
[6]
Overfull \hbox (11.4087pt too wide) in paragraph at lines 443--444
[]\T1/ptm/m/n/10 bimodal GEV parameters as an ordered pair \T1/pcr/m/n/10 theta
 = (mu,sigma,xi,delta) 
[7] (Rd2.aux) )
(see the transcript file for additional information){/Library/Application Suppo
rt/MiKTeX/texmfs/install/fonts/enc/dvips/base/8r.enc}</Library/Application Supp
ort/MiKTeX/texmfs/install/fonts/type1/public/amsfonts/cm/cmbx10.pfb></Library/A
pplication Support/MiKTeX/texmfs/install/fonts/type1/public/amsfonts/cm/cmex10.
pfb></Library/Application Support/MiKTeX/texmfs/install/fonts/type1/public/amsf
onts/cm/cmmi10.pfb></Library/Application Support/MiKTeX/texmfs/install/fonts/ty
pe1/public/amsfonts/cm/cmmi5.pfb></Library/Application Support/MiKTeX/texmfs/in
stall/fonts/type1/public/amsfonts/cm/cmmi7.pfb></Library/Application Support/Mi
KTeX/texmfs/install/fonts/type1/public/amsfonts/cm/cmr10.pfb></Library/Applicat
ion Support/MiKTeX/texmfs/install/fonts/type1/public/amsfonts/cm/cmr5.pfb></Lib
rary/Application Support/MiKTeX/texmfs/install/fonts/type1/public/amsfonts/cm/c
mr7.pfb></Library/Application Support/MiKTeX/texmfs/install/fonts/type1/public/
amsfonts/cm/cmsy10.pfb></Library/Application Support/MiKTeX/texmfs/install/font
s/type1/public/amsfonts/cm/cmsy7.pfb></Library/Application Support/MiKTeX/texmf
s/install/fonts/type1/public/amsfonts/symbols/msbm10.pfb></Library/Application 
Support/MiKTeX/texmfs/install/fonts/type1/urw/courier/ucrr8a.pfb></Library/Appl
ication Support/MiKTeX/texmfs/install/fonts/type1/urw/helvetic/uhvr8a.pfb></Lib
rary/Application Support/MiKTeX/texmfs/install/fonts/type1/urw/times/utmb8a.pfb
></Library/Application Support/MiKTeX/texmfs/install/fonts/type1/urw/times/utmr
8a.pfb></Library/Application Support/MiKTeX/texmfs/install/fonts/type1/urw/time
s/utmr8a.pfb></Library/Application Support/MiKTeX/texmfs/install/fonts/type1/ur
w/times/utmri8a.pfb>
Output written on Rd2.pdf (7 pages, 195643 bytes).
Transcript written on Rd2.log.
Saving output to ‘bgev-manual.pdf’ ...
Done
You may want to clean up by 'rm -Rf /var/folders/h3/_3b3ppk92_qf2fq1jfcf0zyc0000gn/T//RtmpWedvQT/Rd2pdf1daf15ab1320'
